[debug] [2023-12-23T14:16:33.021Z] ----------------------------------------------------------------------
[debug] [2023-12-23T14:16:33.024Z] Command:       C:\Program Files\nodejs\node.exe C:\Users\omaaj\AppData\Roaming\npm\node_modules\firebase-tools\lib\bin\firebase.js init
[debug] [2023-12-23T14:16:33.025Z] CLI Version:   13.0.2
[debug] [2023-12-23T14:16:33.026Z] Platform:      win32
[debug] [2023-12-23T14:16:33.026Z] Node Version:  v18.17.1
[debug] [2023-12-23T14:16:33.027Z] Time:          Sat Dec 23 2023 09:16:33 GMT-0500 (Eastern Standard Time)
[debug] [2023-12-23T14:16:33.028Z] ----------------------------------------------------------------------
[debug] 
[debug] [2023-12-23T14:16:33.033Z] >>> [apiv2][query] GET https://firebase-public.firebaseio.com/cli.json [none]
[debug] [2023-12-23T14:16:33.129Z] > command requires scopes: ["email","openid","https://www.googleapis.com/auth/cloudplatformprojects.readonly","https://www.googleapis.com/auth/firebase","https://www.googleapis.com/auth/cloud-platform"]
[debug] [2023-12-23T14:16:33.130Z] > authorizing via signed-in user (walkerjayden2423@gmail.com)
[info] 
     ######## #### ########  ######## ########     ###     ######  ########
     ##        ##  ##     ## ##       ##     ##  ##   ##  ##       ##
     ######    ##  ########  ######   ########  #########  ######  ######
     ##        ##  ##    ##  ##       ##     ## ##     ##       ## ##
     ##       #### ##     ## ######## ########  ##     ##  ######  ########

You're about to initialize a Firebase project in this directory:

  C:\Users\omaaj\OneDrive\Documents\Firebase Project\novice-firebase

[debug] [2023-12-23T14:16:35.350Z] <<< [apiv2][status] GET https://firebase-public.firebaseio.com/cli.json 200
[debug] [2023-12-23T14:16:35.351Z] <<< [apiv2][body] GET https://firebase-public.firebaseio.com/cli.json {"cloudBuildErrorAfter":1594252800000,"cloudBuildWarnAfter":1590019200000,"defaultNode10After":1594252800000,"minVersion":"3.0.5","node8DeploysDisabledAfter":1613390400000,"node8RuntimeDisabledAfter":1615809600000,"node8WarnAfter":1600128000000}
[info] 
=== Project Setup
[info] 
[info] First, let's associate this project directory with a Firebase project.
[info] You can create multiple project aliases by running firebase use --add, 
[info] but for now we'll just set up a default project.
[info] 
[debug] [2023-12-23T14:18:14.691Z] > refreshing access token with scopes: []
[debug] [2023-12-23T14:18:14.692Z] >>> [apiv2][query] POST https://www.googleapis.com/oauth2/v3/token [none]
[debug] [2023-12-23T14:18:14.693Z] >>> [apiv2][body] POST https://www.googleapis.com/oauth2/v3/token [omitted]
[debug] [2023-12-23T14:18:15.283Z] <<< [apiv2][status] POST https://www.googleapis.com/oauth2/v3/token 200
[debug] [2023-12-23T14:18:15.284Z] <<< [apiv2][body] POST https://www.googleapis.com/oauth2/v3/token [omitted]
[debug] [2023-12-23T14:18:15.333Z] >>> [apiv2][query] GET https://firebase.googleapis.com/v1beta1/projects pageSize=100
[debug] [2023-12-23T14:18:16.165Z] <<< [apiv2][status] GET https://firebase.googleapis.com/v1beta1/projects 200
[debug] [2023-12-23T14:18:16.166Z] <<< [apiv2][body] GET https://firebase.googleapis.com/v1beta1/projects [omitted]
[info] i  Using project fir-novice-ce3c7 (firebase-Novice) 
[info] 
=== Hosting Setup
[debug] [2023-12-23T14:19:40.463Z] >>> [apiv2][query] GET https://firebase.googleapis.com/v1beta1/projects/fir-novice-ce3c7 [none]
[debug] [2023-12-23T14:19:41.163Z] <<< [apiv2][status] GET https://firebase.googleapis.com/v1beta1/projects/fir-novice-ce3c7 200
[debug] [2023-12-23T14:19:41.164Z] <<< [apiv2][body] GET https://firebase.googleapis.com/v1beta1/projects/fir-novice-ce3c7 {"projectId":"fir-novice-ce3c7","projectNumber":"134862259732","displayName":"firebase-Novice","name":"projects/fir-novice-ce3c7","resources":{"hostingSite":"fir-novice-ce3c7","storageBucket":"fir-novice-ce3c7.appspot.com","locationId":"us-central"},"state":"ACTIVE","etag":"1_56e52b19-58ff-46da-92ef-a92e3ada6071"}
[info] 
[info] Your public directory is the folder (relative to your project directory) that
[info] will contain Hosting assets to be uploaded with firebase deploy. If you
[info] have a build process for your assets, use your build's output directory.
[info] 
[info] +  Wrote public/404.html 
[debug] [2023-12-23T14:26:23.478Z] >>> [apiv2][query] GET https://www.gstatic.com/firebasejs/releases.json [none]
[debug] [2023-12-23T14:26:23.850Z] <<< [apiv2][status] GET https://www.gstatic.com/firebasejs/releases.json 200
[debug] [2023-12-23T14:26:23.851Z] <<< [apiv2][body] GET https://www.gstatic.com/firebasejs/releases.json {"current":{"version":"10.7.1","browserURL":"https://www.gstatic.com/firebasejs/10.7.1/firebase.js","packageURL":"https://www.gstatic.com/firebasejs/10.7.1/firebase.tgz"},"live":{"version":"10.7","browserURL":"https://www.gstatic.com/firebasejs/live/10.7/firebase.js","packageURL":"https://www.gstatic.com/firebasejs/live/10.7/firebase.tgz"},"components":{"analytics":"https://www.gstatic.com/firebasejs/10.7.1/firebase-analytics.js","app":"https://www.gstatic.com/firebasejs/10.7.1/firebase-app.js","app-check":"https://www.gstatic.com/firebasejs/10.7.1/firebase-app-check.js","auth":"https://www.gstatic.com/firebasejs/10.7.1/firebase-auth.js","auth/cordova":"https://www.gstatic.com/firebasejs/10.7.1/firebase-auth/cordova.js","functions":"https://www.gstatic.com/firebasejs/10.7.1/firebase-functions.js","firestore":"https://www.gstatic.com/firebasejs/10.7.1/firebase-firestore.js","firestore/lite":"https://www.gstatic.com/firebasejs/10.7.1/firebase-firestore/lite.js","installations":"https://www.gstatic.com/firebasejs/10.7.1/firebase-installations.js","storage":"https://www.gstatic.com/firebasejs/10.7.1/firebase-storage.js","performance":"https://www.gstatic.com/firebasejs/10.7.1/firebase-performance.js","remote-config":"https://www.gstatic.com/firebasejs/10.7.1/firebase-remote-config.js","messaging":"https://www.gstatic.com/firebasejs/10.7.1/firebase-messaging.js","messaging/sw":"https://www.gstatic.com/firebasejs/10.7.1/firebase-messaging/sw.js","database":"https://www.gstatic.com/firebasejs/10.7.1/firebase-database.js","firestore.memory":"https://www.gstatic.com/firebasejs/10.7.1/firebase-firestore.memory.js"}}
[info] i  Skipping write of public/index.html 
[info] 
[info] i  Detected a .git folder at C:\Users\omaaj\OneDrive\Documents\Firebase Project\novice-firebase 
[info] i  Authorizing with GitHub to upload your service account to a GitHub repository's secrets store. 
[info] 
[info] Visit this URL on this device to log in:
[info] https://github.com/login/oauth/authorize?client_id=89cf50f02ac6aaed3484&state=967873605&redirect_uri=http%3A%2F%2Flocalhost%3A9005&scope=read%3Auser%20repo%20public_repo
[info] 
[info] Waiting for authentication...
[debug] [2023-12-23T14:27:50.867Z] >>> [apiv2][query] POST https://github.com/login/oauth/access_token [none]
[debug] [2023-12-23T14:27:50.867Z] >>> [apiv2][body] POST https://github.com/login/oauth/access_token [stream]
[debug] [2023-12-23T14:27:51.626Z] <<< [apiv2][status] POST https://github.com/login/oauth/access_token 200
[debug] [2023-12-23T14:27:51.629Z] <<< [apiv2][body] POST https://github.com/login/oauth/access_token {"access_token":"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","token_type":"bearer","scope":"read:user,repo"}
[debug] [2023-12-23T14:27:51.691Z] >>> [apiv2][query] GET https://api.github.com/user [none]
[debug] [2023-12-23T14:27:52.444Z] <<< [apiv2][status] GET https://api.github.com/user 200
[debug] [2023-12-23T14:27:52.444Z] <<< [apiv2][body] GET https://api.github.com/user {"login":"Omaaj","id":88779779,"node_id":"MDQ6VXNlcjg4Nzc5Nzc5","avatar_url":"https://avatars.githubusercontent.com/u/88779779?v=4","gravatar_id":"","url":"https://api.github.com/users/Omaaj","html_url":"https://github.com/Omaaj","followers_url":"https://api.github.com/users/Omaaj/followers","following_url":"https://api.github.com/users/Omaaj/following{/other_user}","gists_url":"https://api.github.com/users/Omaaj/gists{/gist_id}","starred_url":"https://api.github.com/users/Omaaj/starred{/owner}{/repo}","subscriptions_url":"https://api.github.com/users/Omaaj/subscriptions","organizations_url":"https://api.github.com/users/Omaaj/orgs","repos_url":"https://api.github.com/users/Omaaj/repos","events_url":"https://api.github.com/users/Omaaj/events{/privacy}","received_events_url":"https://api.github.com/users/Omaaj/received_events","type":"User","site_admin":false,"name":"Atunwon Olajuwon","company":null,"blog":"","location":null,"email":null,"hireable":null,"bio":null,"twitter_username":null,"public_repos":13,"public_gists":0,"followers":0,"following":1,"created_at":"2021-08-11T12:23:50Z","updated_at":"2023-12-10T23:00:13Z","private_gists":0,"total_private_repos":0,"owned_private_repos":0,"disk_usage":250208,"collaborators":0,"two_factor_authentication":false,"plan":{"name":"free","space":976562499,"collaborators":0,"private_repos":10000}}
[info] 
[info] +  Success! Logged into GitHub as Omaaj 
[info] 
